SF:/mnt/c/Users/Yakup/Documents/GitHub/1st-grade-2st-term/ForMidterm/ce100-midterm-yakup-eroglu-hasan-basri-taskin-cpp/src/bookshelforganizer/header/Bookshelforganizer.h
DA:24,0
DA:25,0
DA:26,0
DA:27,0
DA:28,0
DA:29,0
DA:30,0
DA:23,1
DA:39,0
DA:40,0
DA:41,0
DA:42,0
DA:43,0
DA:44,0
DA:45,0
DA:46,0
DA:38,1
DA:11,0
DA:12,0
DA:13,0
DA:14,0
DA:15,0
DA:10,1
DA:59,1
DA:61,1
DA:63,1
DA:65,1
DA:72,1
DA:74,1
DA:76,1
DA:78,1
DA:80,1
DA:86,1
DA:88,1
DA:90,1
DA:92,1
DA:99,1
DA:101,1
DA:103,1
DA:105,1
DA:107,1
DA:109,1
DA:115,1
DA:117,1
DA:119,1
DA:121,1
DA:123,1
DA:125,1
DA:127,1
DA:129,1
DA:131,1
DA:133,1
DA:135,1
DA:137,1
DA:139,1
DA:147,1
DA:149,1
DA:151,1
DA:153,1
DA:155,1
DA:157,1
DA:159,1
DA:161,1
DA:163,1
DA:165,1
DA:167,1
DA:169,1
DA:177,1
DA:179,1
DA:181,1
DA:183,1
DA:185,1
DA:187,1
DA:189,1
DA:191,1
DA:193,1
DA:195,1
DA:202,1
DA:204,1
DA:206,1
DA:208,1
DA:210,1
DA:212,1
DA:214,1
DA:216,1
DA:218,1
DA:225,1
DA:227,1
DA:229,1
DA:231,1
DA:238,1
DA:240,1
DA:1,0
end_of_record
SF:/mnt/c/Users/Yakup/Documents/GitHub/1st-grade-2st-term/ForMidterm/ce100-midterm-yakup-eroglu-hasan-basri-taskin-cpp/src/bookshelforganizerapp/src/Bookshelforganizerapp.cpp
DA:9,0
DA:6,0
DA:28,1
DA:1,0
end_of_record
SF:/mnt/c/Users/Yakup/Documents/GitHub/1st-grade-2st-term/ForMidterm/ce100-midterm-yakup-eroglu-hasan-basri-taskin-cpp/README.md
DA:1,0
end_of_record
SF:/mnt/c/Users/Yakup/Documents/GitHub/1st-grade-2st-term/ForMidterm/ce100-midterm-yakup-eroglu-hasan-basri-taskin-cpp/src/bookshelforganizer/src/Bookshelforganizer.cpp
DA:6,0
DA:23,1
DA:27,1
DA:42,1
DA:56,1
DA:71,1
DA:99,1
DA:117,1
DA:136,1
DA:160,1
DA:183,1
DA:211,1
DA:232,1
DA:255,1
DA:274,1
DA:303,1
DA:333,1
DA:360,1
DA:389,1
DA:420,1
DA:454,1
DA:476,1
DA:494,1
DA:520,1
DA:539,1
DA:560,1
DA:602,1
DA:629,1
DA:645,1
DA:663,1
DA:695,1
DA:737,1
DA:772,1
DA:786,1
DA:800,1
DA:875,1
DA:929,1
DA:947,1
DA:984,1
DA:1014,1
DA:1041,1
DA:1068,1
DA:1112,1
DA:1140,1
DA:1199,1
DA:1262,1
DA:1292,1
DA:1312,1
DA:1361,1
DA:1422,1
DA:1468,1
DA:1526,1
DA:1584,1
DA:1598,1
DA:1612,1
DA:1640,1
DA:1668,1
DA:1723,1
DA:1754,1
DA:1769,1
DA:1808,1
DA:1839,1
DA:1867,1
DA:1894,1
DA:1936,1
DA:1995,1
DA:2047,1
DA:2101,1
DA:2141,1
DA:2183,1
DA:2212,1
DA:2257,1
DA:1,0
end_of_record
SF:/mnt/c/Users/Yakup/Documents/GitHub/1st-grade-2st-term/ForMidterm/ce100-midterm-yakup-eroglu-hasan-basri-taskin-cpp/src/bookshelforganizerapp/header/Bookshelforganizerapp.h
DA:1,0
end_of_record
SF:/mnt/c/Users/Yakup/Documents/GitHub/1st-grade-2st-term/ForMidterm/ce100-midterm-yakup-eroglu-hasan-basri-taskin-cpp/src/utility/header/commonTypes.h
DA:1,1
end_of_record
SF:/mnt/c/Users/Yakup/Documents/GitHub/1st-grade-2st-term/ForMidterm/ce100-midterm-yakup-eroglu-hasan-basri-taskin-cpp/src/utility/header/mathUtility.h
DA:1,0
end_of_record
SF:/mnt/c/Users/Yakup/Documents/GitHub/1st-grade-2st-term/ForMidterm/ce100-midterm-yakup-eroglu-hasan-basri-taskin-cpp/src/utility/src/mathUtility.cpp
DA:1,0
end_of_record
