SF:/mnt/c/Users/Yakup/Documents/GitHub/1st-grade-2st-term/ForMidterm/ce100-midterm-yakup-eroglu-hasan-basri-taskin-cpp/src/tests/bookshelforganizer/Bookshelforganizer_test.cpp
DA:10,0
DA:11,0
DA:12,0
DA:16,0
DA:38,0
DA:46,0
DA:54,0
DA:66,0
DA:8,0
DA:1,0
DA:80,0
DA:81,0
DA:82,0
DA:83,0
DA:85,0
DA:95,0
DA:105,0
DA:111,0
DA:117,0
DA:123,0
DA:128,0
DA:133,0
DA:138,0
DA:143,0
DA:148,0
DA:163,0
DA:174,0
DA:191,0
DA:201,0
DA:217,0
DA:234,0
DA:249,0
DA:259,0
DA:287,0
DA:298,0
DA:326,0
DA:336,0
DA:363,0
DA:389,0
DA:400,0
DA:415,0
DA:437,0
DA:447,0
DA:461,0
DA:472,0
DA:482,0
DA:492,0
DA:502,0
DA:512,0
DA:522,0
DA:533,0
DA:557,0
DA:567,0
DA:581,0
DA:595,0
DA:607,0
DA:619,0
DA:631,0
DA:643,0
DA:655,0
DA:677,0
DA:699,0
DA:721,0
DA:733,0
DA:745,0
DA:755,0
DA:765,0
DA:775,0
DA:785,0
DA:795,0
DA:805,0
DA:815,0
DA:825,0
DA:842,0
DA:853,0
DA:869,0
DA:880,0
DA:892,0
DA:904,0
DA:914,0
DA:924,0
DA:934,0
DA:944,0
DA:954,0
DA:964,0
DA:974,0
DA:984,0
DA:994,0
DA:1004,0
DA:1014,0
DA:1024,0
DA:1034,0
DA:1044,0
DA:1054,0
DA:1064,0
DA:1074,0
DA:1084,0
DA:1094,0
DA:1104,0
DA:1114,0
DA:1126,0
DA:1135,0
DA:1150,0
DA:1165,0
DA:1179,0
DA:1192,0
DA:1216,0
DA:1232,0
DA:1248,0
DA:1267,0
DA:1277,0
DA:1295,0
DA:1306,0
DA:1316,0
DA:1327,0
DA:1338,0
DA:1349,0
DA:1369,0
DA:1384,0
DA:1412,0
DA:1441,0
DA:1461,0
DA:1481,0
DA:1500,0
DA:1518,0
DA:1536,0
DA:1576,0
DA:1613,0
DA:1640,0
DA:1646,0
DA:1669,0
end_of_record
SF:/mnt/c/Users/Yakup/Documents/GitHub/1st-grade-2st-term/ForMidterm/ce100-midterm-yakup-eroglu-hasan-basri-taskin-cpp/[generated]
DA:1,0
end_of_record
SF:/mnt/c/Users/Yakup/Documents/GitHub/1st-grade-2st-term/ForMidterm/ce100-midterm-yakup-eroglu-hasan-basri-taskin-cpp/README.md
DA:1,0
end_of_record
SF:/mnt/c/Users/Yakup/Documents/GitHub/1st-grade-2st-term/ForMidterm/ce100-midterm-yakup-eroglu-hasan-basri-taskin-cpp/src/tests/utility/utility_test.cpp
DA:1,0
end_of_record
